<testsuite skipped="0" tests="11" failures="1" errors="0" name="test.commons.xml.XMLToolsTestCase" time="0.51">
<properties>
<property value="-verbose -Dsccm.buildpackage.ant=BE_FORTIS_EBCI-co01.jar-D2014-08-01_10-01-03 -Dsccm.workspace.basedir=E:\Jenkins\workspace\BE_FORTIS_EBCI-co01.jar\refdir -Dsccm.builddir=E:\Jenkins\workspace\BE_FORTIS_EBCI-co01.jar\builddir -Dsccm.harvestproject=BE_FORTIS_EBCI-co01.jar -Dsccm.buildpackage=BE_FORTIS_EBCI-co01.jar-D2014-08-01_10-01-03 -Dincludeantruntime=false -Dsccm.CFCE.basedir=E:\Jenkins\workspace\CFCE -Dsccm.BECFCE.basedir=E:\Jenkins\workspace\CFCE -Dsccm.findbugshome=E:\Jenkins\workspace\CFCE\_SCCM\ContinuousBuildTools\findbugs-1.3.6 -Dsccm.runtarget=archive -Dsccm.xmltaskhome=E:\Jenkins\workspace\CFCE\_SCCM\ContinuousBuildTools\xmltask-1.10.5" name="ANT_ARGS"/>
<property value="AMD64" name="PROCESSOR_ARCHITECTURE"/>
<property value="C:\ProgramData" name="ProgramData"/>
<property value="E:\Data\se-k-TomcatForJenkins-CFHU\tools\IBM-java1.6.0\jre" name="java.home"/>
<property value="C:\PROGRA~1\CA\SC\etpki\lib;c:\Program Files (x86)\CA\SC\etpki\lib" name="R_SHLIB_LD_LIBRARY_PATH"/>
<property value="P" name="XbowEnvironment"/>
<property value="C:\Program Files (x86)\CA\SCM" name="CA_SCM_HOME"/>
<property value="master" name="NODE_NAME"/>
<property value="http://spaw2146.res.sys.shared.fortis:8080/jenkins/" name="JENKINS_URL"/>
<property value="C:\ProgramData" name="ALLUSERSPROFILE"/>
<property value="E:\Data\se-k-TomcatForJenkins-CFHU\tools\IBM-java1.6.0\jre\lib\endorsed" name="java.endorsed.dirs"/>
<property value="ON" name="java.assistive"/>
<property value="/Y" name="COPYCMD"/>
<property value="JRE 1.6.0 IBM J9 2.4 Windows Server 2008 R2 x86-32 jvmwi3260sr9-20110324_78506 (JIT enabled, AOT enabled) J9VM - 20110324_078506 JIT - r9_20101028_17488ifx3 GC - 20101027_AA" name="java.fullversion"/>
<property value="V54.00_N" name="pcb.version-1"/>
<property value="C:\Windows\system32\WindowsPowerShell\v1.0\Modules\" name="PSModulePath"/>
<property value="TECH" name="USERDOMAIN"/>
<property value="http://www.ibm.com/" name="java.vendor.url"/>
<property value="oracle.jdbc.driver.OracleDriver" name="pcb.sonar.jdbc.driverClassName"/>
<property value="C:\Program Files (x86)\Common Files" name="CommonProgramFiles(x86)"/>
<property value="E:\Jenkins\workspace\" name="sccm.XWF.basedir"/>
<property value="1.6.0" name="java.version"/>
<property value="BE_FORTIS_EBCI-co01.jar" name="JOB_NAME"/>
<property value="SPAW2146" name="COMPUTERNAME"/>
<property value="C:\BVTBin\Tests\installpackage\csilogfile.log" name="windows_tracing_logfile"/>
<property value="false" name="com.ibm.oti.shared.enabled"/>
<property value="E:\Data\se-k-TomcatForJenkins-CFHU\tools\android\android-sdk" name="ANDROID_HOME"/>
<property value="i86_w32" name="RTARCH"/>
<property value="C:\Users\Public" name="PUBLIC"/>
<property value="E:\Data\se-k-TomcatForJenkins-CFHU\WAS\base_v7\bin\wsadmin.bat" name="pcb.wsadmin.v7"/>
<property value="24" name="com.ibm.oti.vm.library.version"/>
<property value="E:\Data\se-k-TomcatForJenkins-CFHU\WAS\base_v6\bin\wsadmin.bat" name="pcb.wsadmin.v6"/>
<property value="UTF8" name="os.encoding"/>
<property value="MANUALTRIGGER" name="BUILD_CAUSE"/>
<property value="CFHU001P" name="user.name"/>
<property value="UnicodeLittle" name="sun.io.unicode.encoding"/>
<property value="Cp1252" name="sun.jnu.encoding"/>
<property value="Java(TM) SE Runtime Environment" name="java.runtime.name"/>
<property value="C:\Windows" name="windir"/>
<property value="" name="com.ibm.jcl.checkClassPath"/>
<property value="W8S" name="OSType"/>
<property value="Intel64 Family 6 Model 15 Stepping 1, GenuineIntel" name="PROCESSOR_IDENTIFIER"/>
<property value="Cp1252" name="ibm.system.encoding"/>
<property value="jdbc:oracle:thin:@dbopcfso01p:48892:CFSO01P" name="pcb.sonar.jdbc.url"/>
<property value="Java Platform API Specification" name="java.specification.name"/>
<property value="C:\Users\CFHU001P\AppData\Local" name="LOCALAPPDATA"/>
<property value="Europe/Paris" name="user.timezone"/>
<property value="" name="java.awt.fonts"/>
<property value=";" name="path.separator"/>
<property value="4" name="NUMBER_OF_PROCESSORS"/>
<property value="jenkins-BE_FORTIS_EBCI-co01.jar-197" name="BUILD_TAG"/>
<property value="20110323_1152" name="com.ibm.oti.jcl.build"/>
<property value="3" name="windows_tracing_flags"/>
<property value="Cp1252" name="file.encoding"/>
<property value="scar" name="com.ibm.oti.configuration"/>
<property value="org.jvnet.hudson.maven3.agent.Maven3Main E:\Data\se-k-TomcatForJenkins-CFHU\tools\maven\apache-maven-3.0.4 C:\Program Files\Apache Software Foundation\Tomcat 7.0\webapps\jenkins\WEB-INF\lib\remoting-2.20.jar E:\Jenkins\plugins\maven-plugin\WEB-INF\lib\maven3-interceptor-1.2.jar 52732" name="sun.java.command"/>
<property value="http://spaw2146.res.sys.shared.fortis:8080/jenkins/" name="HUDSON_URL"/>
<property value="5caeb8e1d87d68de" name="JENKINS_SERVER_COOKIE"/>
<property value="0" name="EXECUTOR_NUMBER"/>
<property value="C:\Program Files\HP_Fortify\HP_Fortify_SCA_and_Apps_4.00\bin;C:\Program Files\Java\jdk1.7.0_03\\bin;C:\Windows\system32;C:\Program Files (x86)\Installation Engine-IPST;C:\Windows;C:\Windows\System32\Wbem;C:\Windows\System32\WindowsPowerShell\v1.0\;C:\Tools\SysTools;C:\Tools\PubTools;C:\Program Files (x86)\NTRK;C:\Program Files\SupportTools;C:\Program Files (x86)\Runtime\;E:\Data\se-k-TomcatForJenkins-CFHU\tools\maven\apache-maven-3.0.4\bin;E:\Data\se-k-TomcatForJenkins-CFHU\tools\groovy\groovy-1.7.10\bin;E:\Data\se-k-TomcatForJenkins-CFHU\tools\Subversion\bin;E:\Data\se-k-TomcatForJenkins-CFHU\tools\ant\apache-ant-1.8.3\bin;C:\PROGRA~1\CA\SC\etpki\lib;C:\Program Files (x86)\CA\SharedComponents\PEC\bin;C:\Program Files (x86)\CascmClient-CFDI\Cryptography;C:\Program Files (x86)\CascmClient-CFDI\SCM;E:\Data\se-k-TomcatForJenkins-CFHU\tools\android\android-sdk\tools;c:\Program Files (x86)\CascmClient-CFDI\Trilogy;c:\Program Files (x86)\CascmClient-CFDI\SC\etpki\lib;E:\Data\se-k-TomcatForJenkins-CFHU\tools\gradle-1.11\bin" name="Path"/>
<property value="BE" name="Country"/>
<property value="XBOW" name="Environment"/>
<property value="E:\Data\se-k-TomcatForJenkins-CFHU\tools\groovy\groovy-1.7.10" name="GROOVY_HOME"/>
<property value="C:\TEMP\" name="java.io.tmpdir"/>
<property value="C:\Users\CFHU001P\AppData\Roaming" name="APPDATA"/>
<property value="C:\ProgramData\McAfee\DesktopProtection" name="DEFLOGDIR"/>
<property value="nl" name="user.language"/>
<property value="C:\Users" name="ProfileRoot"/>
<property value=" " name="line.separator"/>
<property value="http://i-net1101e-prod:9000/" name="sonar.host.url"/>
<property value="http://spaw2146.res.sys.shared.fortis:8080/jenkins/job/BE_FORTIS_EBCI-co01.jar/197/" name="BUILD_URL"/>
<property value="E:\Data\se-k-TomcatForJenkins-CFHU\tools\maven\apache-maven-3.0.4" name="M2_HOME"/>
<property value="15" name="jxe.lowest.romimage.version"/>
<property value="JRE 1.6.0 IBM J9 2.4 Windows Server 2008 R2 x86-32 jvmwi3260sr9-20110324_78506 (JIT enabled, AOT enabled) J9VM - 20110324_078506 JIT - r9_20101028_17488ifx3 GC - 20101027_AA" name="java.vm.info"/>
<property value="java.util.prefs.WindowsPreferencesFactory" name="java.util.prefs.PreferencesFactory"/>
<property value="Java Virtual Machine Specification" name="java.vm.specification.name"/>
<property value="Windows_NT" name="OS"/>
<property value="C:\Program Files (x86)\CA\SharedComponents\PEC" name="RTHOME"/>
<property value="true" name="guice.disable.misplaced.annotation.check"/>
<property value="5caeb8e1d87d68de" name="HUDSON_SERVER_COOKIE"/>
<property value="little" name="com.ibm.cpu.endian"/>
<property value="E:\Data\se-k-TomcatForJenkins-CFHU\tools\maven\apache-maven-3.0.4" name="MAVEN_HOME"/>
<property value=".COM;.EXE;.BAT;.CMD;.VBS;.VBE;.JS;.JSE;.WSF;.WSH;.MSC" name="PATHEXT"/>
<property value="sun.awt.windows.WPrinterJob" name="java.awt.printerjob"/>
<property value="" name="CLASSPATH"/>
<property value="" name="com.ibm.util.extralibs.properties"/>
<property value="C:\Tools\PubTools" name="PubTools"/>
<property value="Windows Server 2008 R2" name="os.name"/>
<property value="Sun Microsystems Inc." name="java.specification.vendor"/>
<property value="NO" name="FP_NO_HOST_CHECK"/>
<property value="15" name="jxe.current.romimage.version"/>
<property value="IBM J9 VM" name="java.vm.name"/>
<property value="197" name="BUILD_NUMBER"/>
<property value="spaw2146" name="HostName"/>
<property value="E:\Jenkins\plugins\maven-plugin\WEB-INF\lib\maven3-interceptor-1.2.jar" name="maven3.interceptor"/>
<property value="E:\Data\se-k-TomcatForJenkins-CFHU\tools\IBM-java1.6.0\jre\bin;.;E:\Data\se-k-TomcatForJenkins-CFHU\tools\maven\apache-maven-3.0.4/bin;E:\Data\se-k-TomcatForJenkins-CFHU\tools\IBM-java1.6.0/bin;C:\Program Files\HP_Fortify\HP_Fortify_SCA_and_Apps_4.00\bin;C:\Program Files\Java\jdk1.7.0_03\\bin;C:\Windows\system32;C:\Program Files (x86)\Installation Engine-IPST;C:\Windows;C:\Windows\System32\Wbem;C:\Windows\System32\WindowsPowerShell\v1.0\;C:\Tools\SysTools;C:\Tools\PubTools;C:\Program Files (x86)\NTRK;C:\Program Files\SupportTools;C:\Program Files (x86)\Runtime\;E:\Data\se-k-TomcatForJenkins-CFHU\tools\maven\apache-maven-3.0.4\bin;E:\Data\se-k-TomcatForJenkins-CFHU\tools\groovy\groovy-1.7.10\bin;E:\Data\se-k-TomcatForJenkins-CFHU\tools\Subversion\bin;E:\Data\se-k-TomcatForJenkins-CFHU\tools\ant\apache-ant-1.8.3\bin;C:\PROGRA~1\CA\SC\etpki\lib;C:\Program Files (x86)\CA\SharedComponents\PEC\bin;C:\Program Files (x86)\CascmClient-CFDI\Cryptography;C:\Program Files (x86)\CascmClient-CFDI\SCM;E:\Data\se-k-TomcatForJenkins-CFHU\tools\android\android-sdk\tools;c:\Program Files (x86)\CascmClient-CFDI\Trilogy;c:\Program Files (x86)\CascmClient-CFDI\SC\etpki\lib;E:\Data\se-k-TomcatForJenkins-CFHU\tools\gradle-1.11\bin" name="java.library.path"/>
<property value="C:\Program Files (x86)\Perl\" name="PERLDIR"/>
<property value="E:\Data\se-k-TomcatForJenkins-CFHU\tools\gradle-1.11" name="GRADLE_HOME"/>
<property value="50.0" name="java.class.version"/>
<property value="refdir\ant\ProductionBuild.xml" name="SCCMPRODUCTIONBUILD"/>
<property value="http://spaw2146.res.sys.shared.fortis:8080/jenkins/job/BE_FORTIS_EBCI-co01.jar/" name="JOB_URL"/>
<property value="C:\Program Files (x86)\CascmClient-CFDI\SCM;c:\Program Files (x86)\CA\SCM" name="LOCALHARVESTHOME"/>
<property value="j9jit24" name="java.compiler"/>
<property value="E:\Data\se-k-TomcatForJenkins-CFHU\tools\ant\apache-ant-1.8.3" name="ANT_HOME"/>
<property value="Cp437" name="console.encoding"/>
<property value="E:\Jenkins" name="JENKINS_HOME"/>
<property value="0.0.29-SNAPSHOT" name="latest.framework.version"/>
<property value="C:\TEMP" name="TEMP"/>
<property value="2014-08-01_10-01-03" name="BUILD_ID"/>
<property value="E:\Data\se-k-TomcatForJenkins-CFHU\tools\IBM-java1.6.0\jre\bin" name="sun.boot.library.path"/>
<property value="COD" name="pcb.stage"/>
<property value="C:\PROGRA~1\CA\SC\etpki;c:\Program Files (x86)\CA\SC\etpki" name="ETPKIHOME"/>
<property value="V55.00_N" name="pcb.version"/>
<property value="c:\Program Files (x86)\CascmClient-CFDI\Trilogy" name="TRILOGYHOME"/>
<property value="C:\Tools" name="ToolsRoot"/>
<property value="sun.awt.Win32GraphicsEnvironment" name="java.awt.graphicsenv"/>
<property value="" name="user.variant"/>
<property value="0f01" name="PROCESSOR_REVISION"/>
<property value="C:\ProgramData\McAfee\DesktopProtection" name="VSEDEFLOGDIR"/>
<property value="E:\Jenkins" name="HUDSON_HOME"/>
<property value="C:\Program Files (x86)" name="ProgramFiles(x86)"/>
<property value="E:\Data\se-k-TomcatForJenkins-CFHU\tools\maven\apache-maven-3.0.4/bin" name="PATH+MAVEN"/>
<property value="true" name="BUILD_CAUSE_MANUALTRIGGER"/>
<property value="1.0" name="java.vm.specification.version"/>
<property value="E:\Data\se-k-TomcatForJenkins-CFHU\tools\IBM-java1.6.0" name="JAVA_HOME"/>
<property value="C:\Program Files (x86)\CascmClient-CFDI\SCM;c:\Program Files (x86)\CA\SCM" name="HARVESTHOME"/>
<property value="sun.awt.windows.WToolkit" name="awt.toolkit"/>
<property value="master" name="NODE_LABELS"/>
<property value="C:\Tools\SysTools" name="SysTools"/>
<property value="C:\Users\CFHU001P" name="USERPROFILE"/>
<property value="E:\Data\se-k-TomcatForJenkins-CFHU\tools\IBM-java1.6.0\jre\lib\ext" name="java.ext.dirs"/>
<property value="6.1 build 7601 Service Pack 1" name="os.version"/>
<property value="CFHU001P" name="USERNAME"/>
<property value="C:\Users\CFHU001P" name="user.home"/>
<property value="V02.00_N" name="ng.version"/>
<property value="IBM Corporation" name="java.vm.vendor"/>
<property value="6" name="PROCESSOR_LEVEL"/>
<property value="TECH.SYS.SHARED.FORTIS" name="USERDNSDOMAIN"/>
<property value="C:\Program Files\Common Files" name="CommonProgramW6432"/>
<property value="C:\PROGRA~2" name="AppRoot"/>
<property value="E:\Jenkins\workspace\BE_FORTIS_EBCI-co01.jar" name="user.dir"/>
<property value="C:\Program Files" name="ProgramW6432"/>
<property value="C:\TEMP" name="TMP"/>
<property value="C:\Windows\CCM\UATData\D9F8C395-CAB8-491d-B8AC-179A1FE1BE77" name="UATDATA"/>
<property value="32" name="com.ibm.vm.bitmode"/>
<property value="D:\Data" name="DataRoot"/>
<property value="C:" name="SystemDrive"/>
<property value="2.4" name="java.vm.version"/>
<property value="E:\Jenkins\plugins\maven-plugin\WEB-INF\lib\maven3-agent-1.2.jar;E:\Data\se-k-TomcatForJenkins-CFHU\tools\maven\apache-maven-3.0.4\boot\plexus-classworlds-2.4.jar" name="java.class.path"/>
<property value="-Xmx512m -XX:MaxPermSize=128m" name="MAVEN_OPTS"/>
<property value="x86" name="os.arch"/>
<property value="C:\LogFiles" name="LogRoot"/>
<property value="V55.00" name="sccm.harvestproject.version"/>
<property value="E:\Jenkins\workspace\BE_FORTIS_EBCI-co01.jar" name="WORKSPACE"/>
<property value="C:\Windows\system32\cmd.exe" name="ComSpec"/>
<property value="SUN_STANDARD" name="sun.java.launcher"/>
<property value="C:\Windows" name="SystemRoot"/>
<property value="C:\Program Files\Common Files" name="CommonProgramFiles"/>
<property value="Sun Microsystems Inc." name="java.vm.specification.vendor"/>
<property value="\" name="file.separator"/>
<property value="jvmwi3260sr9-20110324_78506" name="java.runtime.version"/>
<property value="C:\Program Files" name="ProgramFiles"/>
<property value="true" name="ibm.signalhandling.sigint"/>
<property value="E:\Data\se-k-TomcatForJenkins-CFHU\tools\IBM-java1.6.0\jre\lib\vm.jar;E:\Data\se-k-TomcatForJenkins-CFHU\tools\IBM-java1.6.0\jre\lib\annotation.jar;E:\Data\se-k-TomcatForJenkins-CFHU\tools\IBM-java1.6.0\jre\lib\beans.jar;E:\Data\se-k-TomcatForJenkins-CFHU\tools\IBM-java1.6.0\jre\lib\java.util.jar;E:\Data\se-k-TomcatForJenkins-CFHU\tools\IBM-java1.6.0\jre\lib\jndi.jar;E:\Data\se-k-TomcatForJenkins-CFHU\tools\IBM-java1.6.0\jre\lib\logging.jar;E:\Data\se-k-TomcatForJenkins-CFHU\tools\IBM-java1.6.0\jre\lib\security.jar;E:\Data\se-k-TomcatForJenkins-CFHU\tools\IBM-java1.6.0\jre\lib\sql.jar;E:\Data\se-k-TomcatForJenkins-CFHU\tools\IBM-java1.6.0\jre\lib\ibmorb.jar;E:\Data\se-k-TomcatForJenkins-CFHU\tools\IBM-java1.6.0\jre\lib\ibmorbapi.jar;E:\Data\se-k-TomcatForJenkins-CFHU\tools\IBM-java1.6.0\jre\lib\ibmcfw.jar;E:\Data\se-k-TomcatForJenkins-CFHU\tools\IBM-java1.6.0\jre\lib\rt.jar;E:\Data\se-k-TomcatForJenkins-CFHU\tools\IBM-java1.6.0\jre\lib\charsets.jar;E:\Data\se-k-TomcatForJenkins-CFHU\tools\IBM-java1.6.0\jre\lib\resources.jar;E:\Data\se-k-TomcatForJenkins-CFHU\tools\IBM-java1.6.0\jre\lib\ibmpkcs.jar;E:\Data\se-k-TomcatForJenkins-CFHU\tools\IBM-java1.6.0\jre\lib\ibmcertpathfw.jar;E:\Data\se-k-TomcatForJenkins-CFHU\tools\IBM-java1.6.0\jre\lib\ibmjgssfw.jar;E:\Data\se-k-TomcatForJenkins-CFHU\tools\IBM-java1.6.0\jre\lib\ibmjssefw.jar;E:\Data\se-k-TomcatForJenkins-CFHU\tools\IBM-java1.6.0\jre\lib\ibmsaslfw.jar;E:\Data\se-k-TomcatForJenkins-CFHU\tools\IBM-java1.6.0\jre\lib\ibmjcefw.jar;E:\Data\se-k-TomcatForJenkins-CFHU\tools\IBM-java1.6.0\jre\lib\ibmjgssprovider.jar;E:\Data\se-k-TomcatForJenkins-CFHU\tools\IBM-java1.6.0\jre\lib\ibmjsseprovider2.jar;E:\Data\se-k-TomcatForJenkins-CFHU\tools\IBM-java1.6.0\jre\lib\ibmcertpathprovider.jar;E:\Data\se-k-TomcatForJenkins-CFHU\tools\IBM-java1.6.0\jre\lib\ibmxmlcrypto.jar;E:\Data\se-k-TomcatForJenkins-CFHU\tools\IBM-java1.6.0\jre\lib\management-agent.jar;E:\Data\se-k-TomcatForJenkins-CFHU\tools\IBM-java1.6.0\jre\lib\xml.jar;E:\Data\se-k-TomcatForJenkins-CFHU\tools\IBM-java1.6.0\jre\lib\jlm.jar;E:\Data\se-k-TomcatForJenkins-CFHU\tools\IBM-java1.6.0\jre\lib\javascript.jar" name="sun.boot.class.path"/>
<property value="false" name="ibm.signalhandling.rs"/>
<property value="" name="sun.java2d.fontpath"/>
<property value="E:\Data\se-k-TomcatForJenkins-CFHU\tools\IBM-java1.6.0/bin" name="PATH+JDK"/>
<property value="BE" name="user.country"/>
<property value="E:\Data\se-k-TomcatForJenkins-CFHU\tools\maven\apache-maven-3.0.4" name="maven.home"/>
<property value="SOFTWARE\Fortis" name="GlobalRegRoot"/>
<property value="apsprodcfdi.be.fortis.bank/SCM" name="PRODBROKER"/>
<property value="C:\Program Files (x86)\CA\SCM" name="CA_SCM_LOCALHOME"/>
<property value="http://i-net1101e-prod:9000/" name="pcb.sonar.host.url"/>
<property value="20110203_01" name="java.jcl.version"/>
<property value="1" name="com.ibm.zero.version"/>
<property value="E:\Data\se-k-TomcatForJenkins-CFHU\tools\IBM-java1.6.0\jre\bin" name="com.ibm.oti.vm.bootstrap.library.path"/>
<property value="true" name="ibm.signalhandling.sigchain"/>
<property value="cfso_usr" name="pcb.sonar.jdbc.user"/>
<property value="IBM Corporation" name="java.vendor"/>
<property value="cfso_rsu_1_prod" name="pcb.sonar.jdbc.password"/>
<property value="1.6" name="java.specification.version"/>
<property value="32" name="sun.arch.data.model"/>
</properties>
<testcase classname="test.commons.xml.XMLToolsTestCase" name="testGetString" time="0.021"/>
<testcase classname="test.commons.xml.XMLToolsTestCase" name="testGetStringFromDocument" time="0.159"/>
<testcase classname="test.commons.xml.XMLToolsTestCase" name="testGetStringFromTXDocument" time="0.122"/>
<testcase classname="test.commons.xml.XMLToolsTestCase" name="testGetStringFromElement" time="0.033"/>
<testcase classname="test.commons.xml.XMLToolsTestCase" name="testGetStringFromTXElement" time="0.032"/>
<testcase classname="test.commons.xml.XMLToolsTestCase" name="testAddChildElement" time="0.008"/>
<testcase classname="test.commons.xml.XMLToolsTestCase" name="testGetFullElementPath" time="0.002"/>
<testcase classname="test.commons.xml.XMLToolsTestCase" name="testGetChildElementsCount" time="0.002"/>
<testcase classname="test.commons.xml.XMLToolsTestCase" name="testPrettyPrint" time="0.071">
<failure message="expected:<[]> but was:<[<?xml version="1.0" encoding="UTF-8"?> <Projects> <A>Done</A> <B>Test</B> <C>Failed</C> </Projects>]>" type="junit.framework.ComparisonFailure">
junit.framework.ComparisonFailure: expected:<[]> but was:<[<?xml version="1.0" encoding="UTF-8"?> <Projects> <A>Done</A> <B>Test</B> <C>Failed</C> </Projects>]> at junit.framework.Assert.assertEquals(Assert.java:81) at junit.framework.Assert.assertEquals(Assert.java:87) at test.commons.xml.XMLToolsTestCase.testPrettyPrint(XMLToolsTestCase.java:308)
</failure>
<system-err>
(Location of error unknown)java.io.IOException: Stream closed (Location of error unknown)java.io.IOException: Stream closed
</system-err>
</testcase>
<testcase classname="test.commons.xml.XMLToolsTestCase" name="testBackAndForwardStringConversion" time="0.055"/>
<testcase classname="test.commons.xml.XMLToolsTestCase" name="testGetChildElementByTagName" time="0.003"/>
</testsuite>